<?xml version="1.0" encoding="UTF-8"?>
<robot generator="Robot 4.1.1 (Python 3.9.7 on win32)" generated="20220209 21:37:55.926" rpa="false" schemaversion="2">
<suite id="s1" name="CreateChareters" source="C:\Courses_Qaninja\MarvelAPI\specs\CreateChareters.robot">
<kw name="Run Keywords" library="BuiltIn" type="SETUP">
<arg>Authentification Key User</arg>
<arg>gabiru@gmail.com</arg>
<arg>AND</arg>
<arg>Back To the Past</arg>
<doc>Executes all the given keywords in a sequence.</doc>
<kw name="Authentification Key User" library="Base">
<arg>gabiru@gmail.com</arg>
<kw name="Create Dictionary" library="BuiltIn">
<var>&amp;{account}</var>
<arg>email=${email_user}</arg>
<doc>Creates and returns a dictionary based on the given ``items``.</doc>
<msg timestamp="20220209 21:37:56.185" level="INFO">&amp;{account} = { email=gabiru@gmail.com }</msg>
<status status="PASS" starttime="20220209 21:37:56.185" endtime="20220209 21:37:56.186"/>
</kw>
<kw name="POST" library="RequestsLibrary">
<var>${response}</var>
<arg>${BASE_URL}/accounts</arg>
<arg>json=${account}</arg>
<doc>Sends a POST request.</doc>
<msg timestamp="20220209 21:37:57.051" level="INFO">POST Request : url=http://marvel.qaninja.academy/accounts 
 path_url=/accounts 
 headers={'User-Agent': 'python-requests/2.27.1', 'Accept-Encoding': 'gzip, deflate', 'Accept': '*/*', 'Connection': 'keep-alive', 'Content-Length': '29', 'Content-Type': 'application/json'} 
 body=b'{"email": "gabiru@gmail.com"}' 
 </msg>
<msg timestamp="20220209 21:37:57.052" level="INFO">POST Response : url=http://marvel.qaninja.academy/accounts 
 status=200, reason=OK 
 headers={'Server': 'Cowboy', 'Connection': 'keep-alive', 'X-Powered-By': 'Express', 'Access-Control-Allow-Origin': '*', 'Content-Type': 'application/json; charset=utf-8', 'Content-Length': '41', 'Etag': 'W/"29-ES9LjzGGH5xqmkZ5pvZQAQiv/v8"', 'Date': 'Thu, 10 Feb 2022 00:37:57 GMT', 'Via': '1.1 vegur'} 
 body={"client_key":"6202fe74751f850016db34f7"} 
 </msg>
<msg timestamp="20220209 21:37:57.052" level="INFO">${response} = &lt;Response [200]&gt;</msg>
<status status="PASS" starttime="20220209 21:37:56.186" endtime="20220209 21:37:57.053"/>
</kw>
<kw name="Set Variable" library="BuiltIn">
<var>${client_key}</var>
<arg>${response.json()}[client_key]</arg>
<doc>Returns the given values which can then be assigned to a variables.</doc>
<msg timestamp="20220209 21:37:57.055" level="INFO">${client_key} = 6202fe74751f850016db34f7</msg>
<status status="PASS" starttime="20220209 21:37:57.053" endtime="20220209 21:37:57.056"/>
</kw>
<kw name="Create Dictionary" library="BuiltIn">
<var>${HEADERS}</var>
<arg>client_key=${client_key}</arg>
<doc>Creates and returns a dictionary based on the given ``items``.</doc>
<msg timestamp="20220209 21:37:57.057" level="INFO">${HEADERS} = {'client_key': '6202fe74751f850016db34f7'}</msg>
<status status="PASS" starttime="20220209 21:37:57.056" endtime="20220209 21:37:57.058"/>
</kw>
<kw name="Set Suite Variable" library="BuiltIn">
<arg>${HEADERS}</arg>
<doc>Makes a variable available everywhere within the scope of the current suite.</doc>
<msg timestamp="20220209 21:37:57.059" level="INFO">${HEADERS} = {'client_key': '6202fe74751f850016db34f7'}</msg>
<status status="PASS" starttime="20220209 21:37:57.058" endtime="20220209 21:37:57.059"/>
</kw>
<status status="PASS" starttime="20220209 21:37:56.185" endtime="20220209 21:37:57.060"/>
</kw>
<kw name="Back To the Past" library="Base">
<kw name="DELETE" library="RequestsLibrary">
<arg>${BASE_URL}/delorean</arg>
<arg>headers=${HEADERS}</arg>
<doc>Sends a DELETE request.</doc>
<msg timestamp="20220209 21:37:57.389" level="INFO">DELETE Request : url=http://marvel.qaninja.academy/delorean 
 path_url=/delorean 
 headers={'User-Agent': 'python-requests/2.27.1', 'Accept-Encoding': 'gzip, deflate', 'Accept': '*/*', 'Connection': 'keep-alive', 'client_key': '6202fe74751f850016db34f7', 'Content-Length': '0'} 
 body=None 
 </msg>
<msg timestamp="20220209 21:37:57.389" level="INFO">DELETE Response : url=http://marvel.qaninja.academy/delorean 
 status=200, reason=OK 
 headers={'Server': 'Cowboy', 'Connection': 'keep-alive', 'X-Powered-By': 'Express', 'Access-Control-Allow-Origin': '*', 'Content-Type': 'application/json; charset=utf-8', 'Content-Length': '31', 'Etag': 'W/"1f-ImqlboUfbv1n1FbEV48J/4RvhGg"', 'Date': 'Thu, 10 Feb 2022 00:37:57 GMT', 'Via': '1.1 vegur'} 
 body={"message":"Avengers Assemble"} 
 </msg>
<status status="PASS" starttime="20220209 21:37:57.061" endtime="20220209 21:37:57.389"/>
</kw>
<status status="PASS" starttime="20220209 21:37:57.060" endtime="20220209 21:37:57.389"/>
</kw>
<status status="PASS" starttime="20220209 21:37:56.185" endtime="20220209 21:37:57.389"/>
</kw>
<test id="s1-t1" name="Cenário 1: Deve Cadastrar personagem">
<kw name="Create Characters" library="factory_character">
<var>${characters}</var>
<msg timestamp="20220209 21:37:57.389" level="INFO">${characters} = {'name': 'Christopher Sharp', 'aliases': 'Iron Man', 'age': 1693, 'team': 'Avengers', 'active': False}</msg>
<status status="PASS" starttime="20220209 21:37:57.389" endtime="20220209 21:37:57.389"/>
</kw>
<kw name="POST new personagem" library="Chacters">
<var>${response}</var>
<arg>${characters}</arg>
<kw name="POST" library="RequestsLibrary">
<var>${response}</var>
<arg>${BASE_URL}/characters</arg>
<arg>json=${PERSONAGEM}</arg>
<arg>headers=${HEADERS}</arg>
<arg>expected_status=any</arg>
<doc>Sends a POST request.</doc>
<msg timestamp="20220209 21:37:57.797" level="INFO">POST Request : url=http://marvel.qaninja.academy/characters 
 path_url=/characters 
 headers={'User-Agent': 'python-requests/2.27.1', 'Accept-Encoding': 'gzip, deflate', 'Accept': '*/*', 'Connection': 'keep-alive', 'client_key': '6202fe74751f850016db34f7', 'Content-Length': '102', 'Content-Type': 'application/json'} 
 body=b'{"name": "Christopher Sharp", "aliases": "Iron Man", "age": 1693, "team": "Avengers", "active": false}' 
 </msg>
<msg timestamp="20220209 21:37:57.797" level="INFO">POST Response : url=http://marvel.qaninja.academy/characters 
 status=200, reason=OK 
 headers={'Server': 'Cowboy', 'Connection': 'keep-alive', 'X-Powered-By': 'Express', 'Access-Control-Allow-Origin': '*', 'Content-Type': 'application/json; charset=utf-8', 'Content-Length': '161', 'Etag': 'W/"a1-Pl6j0yFglf7i8ziy1k+3W7Ju19Y"', 'Date': 'Thu, 10 Feb 2022 00:37:58 GMT', 'Via': '1.1 vegur'} 
 body={"_id":"62045e66855934001603d5f4","name":"Christopher Sharp","age":1693,"aliases":"Iron Man","team":"Avengers","active":false,"owner":"6202fe74751f850016db34f7"} 
 </msg>
<msg timestamp="20220209 21:37:57.797" level="INFO">${response} = &lt;Response [200]&gt;</msg>
<status status="PASS" starttime="20220209 21:37:57.399" endtime="20220209 21:37:57.797"/>
</kw>
<msg timestamp="20220209 21:37:57.806" level="INFO">${response} = &lt;Response [200]&gt;</msg>
<status status="PASS" starttime="20220209 21:37:57.389" endtime="20220209 21:37:57.806"/>
</kw>
<kw name="Status Should Be" library="RequestsLibrary">
<arg>200</arg>
<arg>${response}</arg>
<doc>Fails if response status code is different than the expected.</doc>
<status status="PASS" starttime="20220209 21:37:57.806" endtime="20220209 21:37:57.806"/>
</kw>
<status status="PASS" starttime="20220209 21:37:57.389" endtime="20220209 21:37:57.806"/>
</test>
<test id="s1-t2" name="Cenário 2: Nao deve cadastra personagem com mesmo Nome">
<kw name="Create Heroe" library="factory_character">
<var>${characters}</var>
<msg timestamp="20220209 21:37:57.809" level="INFO">${characters} = {'name': 'Reed Richards', 'aliases': 'Sr Fantastico', 'age': 45, 'team': 'Fantastic Four', 'active': True}</msg>
<status status="PASS" starttime="20220209 21:37:57.809" endtime="20220209 21:37:57.809"/>
</kw>
<kw name="POST new personagem" library="Chacters">
<arg>${characters}</arg>
<kw name="POST" library="RequestsLibrary">
<var>${response}</var>
<arg>${BASE_URL}/characters</arg>
<arg>json=${PERSONAGEM}</arg>
<arg>headers=${HEADERS}</arg>
<arg>expected_status=any</arg>
<doc>Sends a POST request.</doc>
<msg timestamp="20220209 21:37:58.147" level="INFO">POST Request : url=http://marvel.qaninja.academy/characters 
 path_url=/characters 
 headers={'User-Agent': 'python-requests/2.27.1', 'Accept-Encoding': 'gzip, deflate', 'Accept': '*/*', 'Connection': 'keep-alive', 'client_key': '6202fe74751f850016db34f7', 'Content-Length': '106', 'Content-Type': 'application/json'} 
 body=b'{"name": "Reed Richards", "aliases": "Sr Fantastico", "age": 45, "team": "Fantastic Four", "active": true}' 
 </msg>
<msg timestamp="20220209 21:37:58.148" level="INFO">POST Response : url=http://marvel.qaninja.academy/characters 
 status=200, reason=OK 
 headers={'Server': 'Cowboy', 'Connection': 'keep-alive', 'X-Powered-By': 'Express', 'Access-Control-Allow-Origin': '*', 'Content-Type': 'application/json; charset=utf-8', 'Content-Length': '165', 'Etag': 'W/"a5-dASgvUOcJo1KEz1FUz/3CKReUTM"', 'Date': 'Thu, 10 Feb 2022 00:37:58 GMT', 'Via': '1.1 vegur'} 
 body={"_id":"62045e66855934001603d5f8","name":"Reed Richards","age":45,"aliases":"Sr Fantastico","team":"Fantastic Four","active":true,"owner":"6202fe74751f850016db34f7"} 
 </msg>
<msg timestamp="20220209 21:37:58.148" level="INFO">${response} = &lt;Response [200]&gt;</msg>
<status status="PASS" starttime="20220209 21:37:57.809" endtime="20220209 21:37:58.148"/>
</kw>
<status status="PASS" starttime="20220209 21:37:57.809" endtime="20220209 21:37:58.149"/>
</kw>
<kw name="POST new personagem" library="Chacters">
<var>${response}</var>
<arg>${characters}</arg>
<kw name="POST" library="RequestsLibrary">
<var>${response}</var>
<arg>${BASE_URL}/characters</arg>
<arg>json=${PERSONAGEM}</arg>
<arg>headers=${HEADERS}</arg>
<arg>expected_status=any</arg>
<doc>Sends a POST request.</doc>
<msg timestamp="20220209 21:37:58.464" level="INFO">POST Request : url=http://marvel.qaninja.academy/characters 
 path_url=/characters 
 headers={'User-Agent': 'python-requests/2.27.1', 'Accept-Encoding': 'gzip, deflate', 'Accept': '*/*', 'Connection': 'keep-alive', 'client_key': '6202fe74751f850016db34f7', 'Content-Length': '106', 'Content-Type': 'application/json'} 
 body=b'{"name": "Reed Richards", "aliases": "Sr Fantastico", "age": 45, "team": "Fantastic Four", "active": true}' 
 </msg>
<msg timestamp="20220209 21:37:58.464" level="INFO">POST Response : url=http://marvel.qaninja.academy/characters 
 status=409, reason=Conflict 
 headers={'Server': 'Cowboy', 'Connection': 'keep-alive', 'X-Powered-By': 'Express', 'Access-Control-Allow-Origin': '*', 'Content-Type': 'application/json; charset=utf-8', 'Content-Length': '39', 'Etag': 'W/"27-u8CjYCAAYHK/l+EQR0JyKi0LQGU"', 'Date': 'Thu, 10 Feb 2022 00:37:58 GMT', 'Via': '1.1 vegur'} 
 body={"error":"Character already exists :("} 
 </msg>
<msg timestamp="20220209 21:37:58.464" level="INFO">${response} = &lt;Response [409]&gt;</msg>
<status status="PASS" starttime="20220209 21:37:58.151" endtime="20220209 21:37:58.464"/>
</kw>
<msg timestamp="20220209 21:37:58.464" level="INFO">${response} = &lt;Response [409]&gt;</msg>
<status status="PASS" starttime="20220209 21:37:58.149" endtime="20220209 21:37:58.464"/>
</kw>
<kw name="Status Should Be" library="RequestsLibrary">
<arg>409</arg>
<arg>${response}</arg>
<doc>Fails if response status code is different than the expected.</doc>
<status status="PASS" starttime="20220209 21:37:58.464" endtime="20220209 21:37:58.464"/>
</kw>
<kw name="Should Be Equal" library="BuiltIn">
<arg>Character already exists :(</arg>
<arg>${response.json()}[error]</arg>
<doc>Fails if the given objects are unequal.</doc>
<status status="PASS" starttime="20220209 21:37:58.464" endtime="20220209 21:37:58.464"/>
</kw>
<status status="PASS" starttime="20220209 21:37:57.806" endtime="20220209 21:37:58.464"/>
</test>
<doc>Suite de teste para cadastrar personagem na API da marvel.</doc>
<status status="PASS" starttime="20220209 21:37:55.932" endtime="20220209 21:37:58.473"/>
</suite>
<statistics>
<total>
<stat pass="2" fail="0" skip="0">All Tests</stat>
</total>
<tag>
</tag>
<suite>
<stat pass="2" fail="0" skip="0" id="s1" name="CreateChareters">CreateChareters</stat>
</suite>
</statistics>
<errors>
</errors>
</robot>
